[    0.000000] Initializing cgroup subsys cpuset
[    0.000000] Initializing cgroup subsys cpu
[    0.000000] Initializing cgroup subsys cpuacct
[    0.000000] Linux version 4.4.0-127-generic (buildd@lcy01-amd64-023) (gcc version 5.4.0 20160609 (Ubuntu 5.4.0-6ubuntu1~16.04.9) ) #153-Ubuntu SMP Sat May 19 10:58:46 UTC 2018 (Ubuntu 4.4.0-127.153-generic 4.4.128)
[    0.000000] Command line: BOOT_IMAGE=/boot/vmlinuz-4.4.0-127-generic root=UUID=bbd644b0-b529-40fa-8b06-40f70b789c51 ro console=tty1 console=ttyS0
[    0.000000] KERNEL supported cpus:
[    0.000000]   Intel GenuineIntel
[    0.000000]   AMD AuthenticAMD
[    0.000000]   Centaur CentaurHauls
[    0.000000] x86/fpu: xstate_offset[2]:  576, xstate_sizes[2]:  256
[    0.000000] x86/fpu: Supporting XSAVE feature 0x01: 'x87 floating point registers'
[    0.000000] x86/fpu: Supporting XSAVE feature 0x02: 'SSE registers'
[    0.000000] x86/fpu: Supporting XSAVE feature 0x04: 'AVX registers'
[    0.000000] x86/fpu: Enabled xstate features 0x7, context size is 832 bytes, using 'standard' format.
[    0.000000] x86/fpu: Using 'lazy' FPU context switches.
[    0.000000] e820: BIOS-provided physical RAM map:
[    0.000000] BIOS-e820: [mem 0x0000000000000000-0x000000000009fbff] usable
[    0.000000] BIOS-e820: [mem 0x000000000009fc00-0x000000000009ffff] reserved
[    0.000000] BIOS-e820: [mem 0x00000000000f0000-0x00000000000fffff] reserved
[    0.000000] BIOS-e820: [mem 0x0000000000100000-0x000000003ffeffff] usable
[    0.000000] BIOS-e820: [mem 0x000000003fff0000-0x000000003fffffff] ACPI data
[    0.000000] BIOS-e820: [mem 0x00000000fec00000-0x00000000fec00fff] reserved
[    0.000000] BIOS-e820: [mem 0x00000000fee00000-0x00000000fee00fff] reserved
[    0.000000] BIOS-e820: [mem 0x00000000fffc0000-0x00000000ffffffff] reserved
[    0.000000] NX (Execute Disable) protection: active
[    0.000000] SMBIOS 2.5 present.
[    0.000000] Hypervisor detected: KVM
[    0.000000] e820: last_pfn = 0x3fff0 max_arch_pfn = 0x400000000
[    0.000000] MTRR: Disabled
[    0.000000] x86/PAT: MTRRs disabled, skipping PAT initialization too.
[    0.000000] CPU MTRRs all blank - virtualized system.
[    0.000000] x86/PAT: Configuration [0-7]: WB  WT  UC- UC  WB  WT  UC- UC  
[    0.000000] found SMP MP-table at [mem 0x0009fff0-0x0009ffff] mapped at [ffff88000009fff0]
[    0.000000] Scanning 1 areas for low memory corruption
[    0.000000] RAMDISK: [mem 0x361f2000-0x370f0fff]
[    0.000000] ACPI: Early table checksum verification disabled
[    0.000000] ACPI: RSDP 0x00000000000E0000 000024 (v02 VBOX  )
[    0.000000] ACPI: XSDT 0x000000003FFF0030 00003C (v01 VBOX   VBOXXSDT 00000001 ASL  00000061)
[    0.000000] ACPI: FACP 0x000000003FFF00F0 0000F4 (v04 VBOX   VBOXFACP 00000001 ASL  00000061)
[    0.000000] ACPI: DSDT 0x000000003FFF0470 0021FF (v02 VBOX   VBOXBIOS 00000002 INTL 20160108)
[    0.000000] ACPI: FACS 0x000000003FFF0200 000040
[    0.000000] ACPI: FACS 0x000000003FFF0200 000040
[    0.000000] ACPI: APIC 0x000000003FFF0240 00005C (v02 VBOX   VBOXAPIC 00000001 ASL  00000061)
[    0.000000] ACPI: SSDT 0x000000003FFF02A0 0001CC (v01 VBOX   VBOXCPUT 00000002 INTL 20160108)
[    0.000000] No NUMA configuration found
[    0.000000] Faking a node at [mem 0x0000000000000000-0x000000003ffeffff]
[    0.000000] NODE_DATA(0) allocated [mem 0x3ffeb000-0x3ffeffff]
[    0.000000] kvm-clock: Using msrs 4b564d01 and 4b564d00
[    0.000000] kvm-clock: cpu 0, msr 0:3ffe3001, primary cpu clock
[    0.000000] kvm-clock: using sched offset of 4060095724 cycles
[    0.000000] clocksource: kvm-clock: mask: 0xffffffffffffffff max_cycles: 0x1cd42e4dffb, max_idle_ns: 881590591483 ns
[    0.000000] Zone ranges:
[    0.000000]   DMA      [mem 0x0000000000001000-0x0000000000ffffff]
[    0.000000]   DMA32    [mem 0x0000000001000000-0x000000003ffeffff]
[    0.000000]   Normal   empty
[    0.000000]   Device   empty
[    0.000000] Movable zone start for each node
[    0.000000] Early memory node ranges
[    0.000000]   node   0: [mem 0x0000000000001000-0x000000000009efff]
[    0.000000]   node   0: [mem 0x0000000000100000-0x000000003ffeffff]
[    0.000000] Initmem setup node 0 [mem 0x0000000000001000-0x000000003ffeffff]
[    0.000000] ACPI: PM-Timer IO Port: 0x4008
[    0.000000] IOAPIC[0]: apic_id 2, version 32, address 0xfec00000, GSI 0-23
[    0.000000] ACPI: INT_SRC_OVR (bus 0 bus_irq 0 global_irq 2 dfl dfl)
[    0.000000] ACPI: INT_SRC_OVR (bus 0 bus_irq 9 global_irq 9 low level)
[    0.000000] Using ACPI (MADT) for SMP configuration information
[    0.000000] smpboot: Allowing 2 CPUs, 0 hotplug CPUs
[    0.000000] PM: Registered nosave memory: [mem 0x00000000-0x00000fff]
[    0.000000] PM: Registered nosave memory: [mem 0x0009f000-0x0009ffff]
[    0.000000] PM: Registered nosave memory: [mem 0x000a0000-0x000effff]
[    0.000000] PM: Registered nosave memory: [mem 0x000f0000-0x000fffff]
[    0.000000] e820: [mem 0x40000000-0xfebfffff] available for PCI devices
[    0.000000] Booting paravirtualized kernel on KVM
[    0.000000] clocksource: refined-jiffies: mask: 0xffffffff max_cycles: 0xffffffff, max_idle_ns: 7645519600211568 ns
[    0.000000] setup_percpu: NR_CPUS:512 nr_cpumask_bits:512 nr_cpu_ids:2 nr_node_ids:1
[    0.000000] PERCPU: Embedded 34 pages/cpu @ffff88003fc00000 s99544 r8192 d31528 u1048576
[    0.000000] PV qspinlock hash table entries: 256 (order: 0, 4096 bytes)
[    0.000000] Built 1 zonelists in Node order, mobility grouping on.  Total pages: 257912
[    0.000000] Policy zone: DMA32
[    0.000000] Kernel command line: BOOT_IMAGE=/boot/vmlinuz-4.4.0-127-generic root=UUID=bbd644b0-b529-40fa-8b06-40f70b789c51 ro console=tty1 console=ttyS0
[    0.000000] PID hash table entries: 4096 (order: 3, 32768 bytes)
[    0.000000] Memory: 997164K/1048120K available (8537K kernel code, 1313K rwdata, 4000K rodata, 1512K init, 1316K bss, 50956K reserved, 0K cma-reserved)
[    0.000000] SLUB: HWalign=64, Order=0-3, MinObjects=0, CPUs=2, Nodes=1
[    0.000000] Kernel/User page tables isolation: enabled
[    0.000000] Hierarchical RCU implementation.
[    0.000000] 	Build-time adjustment of leaf fanout to 64.
[    0.000000] 	RCU restricting CPUs from NR_CPUS=512 to nr_cpu_ids=2.
[    0.000000] RCU: Adjusting geometry for rcu_fanout_leaf=64, nr_cpu_ids=2
[    0.000000] NR_IRQS:33024 nr_irqs:440 16
[    0.000000] Console: colour VGA+ 80x25
[    0.000000] console [tty1] enabled
[    0.000000] console [ttyS0] enabled
[    0.000000] tsc: Detected 1696.174 MHz processor
[    0.233215] Calibrating delay loop (skipped) preset value.. 3392.34 BogoMIPS (lpj=6784696)
[    0.236517] pid_max: default: 32768 minimum: 301
[    0.238277] ACPI: Core revision 20150930
[    0.247101] ACPI: 2 ACPI AML tables successfully acquired and loaded
[    0.249602] Security Framework initialized
[    0.251200] Yama: becoming mindful.
[    0.252731] AppArmor: AppArmor initialized
[    0.254486] Dentry cache hash table entries: 131072 (order: 8, 1048576 bytes)
[    0.257994] Inode-cache hash table entries: 65536 (order: 7, 524288 bytes)
[    0.260529] Mount-cache hash table entries: 2048 (order: 2, 16384 bytes)
[    0.262830] Mountpoint-cache hash table entries: 2048 (order: 2, 16384 bytes)
[    0.265534] Initializing cgroup subsys io
[    0.267185] Initializing cgroup subsys memory
[    0.268931] Initializing cgroup subsys devices
[    0.270635] Initializing cgroup subsys freezer
[    0.272365] Initializing cgroup subsys net_cls
[    0.274016] Initializing cgroup subsys perf_event
[    0.275747] Initializing cgroup subsys net_prio
[    0.277457] Initializing cgroup subsys hugetlb
[    0.279144] Initializing cgroup subsys pids
[    0.280909] CPU: Physical Processor ID: 0
[    0.282480] CPU: Processor Core ID: 0
[    0.284004] mce: CPU supports 0 MCE banks
[    0.285605] Last level iTLB entries: 4KB 512, 2MB 8, 4MB 8
[    0.287639] Last level dTLB entries: 4KB 512, 2MB 32, 4MB 32, 1GB 0
[    0.297229] Spectre V2 : Mitigation: Full generic retpoline
[    0.299224] Spectre V2 : Speculation control IBPB not-supported IBRS not-supported
[    0.301768] Speculative Store Bypass: Vulnerable
[    0.307516] Freeing SMP alternatives memory: 32K
[    0.332409] ftrace: allocating 32237 entries in 126 pages
[    0.429994] smpboot: APIC(0) Converting physical 0 to logical package 0
[    0.441300] smpboot: Max logical packages: 1
[    0.443484] x2apic enabled
[    0.445207] Switched APIC routing to physical x2apic.
[    0.449327] ..TIMER: vector=0x30 apic1=0 pin1=2 apic2=-1 pin2=-1
[    0.559728] smpboot: CPU0: Intel(R) Core(TM) i7-2637M CPU @ 1.70GHz (family: 0x6, model: 0x2a, stepping: 0x7)
[    0.581466] Performance Events: unsupported p6 CPU model 42 no PMU driver, software events only.
[    0.584214] KVM setup paravirtual spinlock
[    0.588996] x86: Booting SMP configuration:
[    0.590280] .... node  #0, CPUs:      #1
[    0.591660] kvm-clock: cpu 1, msr 0:3ffe3041, secondary cpu clock
[    0.593186] mce: CPU supports 0 MCE banks
[    0.596125] x86: Booted up 1 node, 2 CPUs
[    0.597466] smpboot: Total of 2 processors activated (6784.69 BogoMIPS)
[    0.605121] devtmpfs: initialized
[    0.608310] evm: security.selinux
[    0.609398] evm: security.SMACK64
[    0.610475] evm: security.SMACK64EXEC
[    0.611626] evm: security.SMACK64TRANSMUTE
[    0.612899] evm: security.SMACK64MMAP
[    0.614159] evm: security.ima
[    0.629548] evm: security.capability
[    0.630969] clocksource: jiffies: mask: 0xffffffff max_cycles: 0xffffffff, max_idle_ns: 7645041785100000 ns
[    0.633825] futex hash table entries: 512 (order: 3, 32768 bytes)
[    0.635725] pinctrl core: initialized pinctrl subsystem
[    0.637399] RTC time: 16:14:55, date: 08/15/18
[    0.639062] NET: Registered protocol family 16
[    0.651378] cpuidle: using governor ladder
[    0.663439] cpuidle: using governor menu
[    0.665057] PCCT header not found.
[    0.666483] ACPI: bus type PCI registered
[    0.668072] acpiphp: ACPI Hot Plug PCI Controller Driver version: 0.5
[    0.670448] PCI: Using configuration type 1 for base access
[    0.684659] ACPI: Added _OSI(Module Device)
[    0.686308] ACPI: Added _OSI(Processor Device)
[    0.688004] ACPI: Added _OSI(3.0 _SCP Extensions)
[    0.689739] ACPI: Added _OSI(Processor Aggregator Device)
[    0.692954] ACPI: Executed 1 blocks of module-level executable AML code
[    0.699207] ACPI: Interpreter enabled
[    0.700766] ACPI: (supports S0 S5)
[    0.702177] ACPI: Using IOAPIC for interrupt routing
[    0.712707] PCI: Using host bridge windows from ACPI; if necessary, use "pci=nocrs" and report a bug
[    0.723360] ACPI: PCI Root Bridge [PCI0] (domain 0000 [bus 00-ff])
[    0.725559] acpi PNP0A03:00: _OSC: OS supports [ASPM ClockPM Segments MSI]
[    0.729011] acpi PNP0A03:00: _OSC: not requesting OS control; OS requires [ExtendedConfig ASPM ClockPM MSI]
[    0.733923] acpi PNP0A03:00: fail to add MMCONFIG information, can't access extended PCI configuration space under this bridge.
[    0.739750] PCI host bridge to bus 0000:00
[    0.741367] pci_bus 0000:00: root bus resource [io  0x0000-0x0cf7 window]
[    0.743658] pci_bus 0000:00: root bus resource [io  0x0d00-0xffff window]
[    0.748664] pci_bus 0000:00: root bus resource [mem 0x000a0000-0x000bffff window]
[    0.751546] pci_bus 0000:00: root bus resource [mem 0x40000000-0xfdffffff window]
[    0.759725] pci_bus 0000:00: root bus resource [bus 00-ff]
[    0.764826] pci 0000:00:01.1: legacy IDE quirk: reg 0x10: [io  0x01f0-0x01f7]
[    0.767240] pci 0000:00:01.1: legacy IDE quirk: reg 0x14: [io  0x03f6]
[    0.769504] pci 0000:00:01.1: legacy IDE quirk: reg 0x18: [io  0x0170-0x0177]
[    0.790756] pci 0000:00:01.1: legacy IDE quirk: reg 0x1c: [io  0x0376]
[    0.821413] pci 0000:00:07.0: quirk: [io  0x4000-0x403f] claimed by PIIX4 ACPI
[    0.829015] pci 0000:00:07.0: quirk: [io  0x4100-0x410f] claimed by PIIX4 SMB
[    0.840542] ACPI: PCI Interrupt Link [LNKA] (IRQs 5 9 10 *11)
[    0.857250] ACPI: PCI Interrupt Link [LNKB] (IRQs 5 9 *10 11)
[    0.862498] ACPI: PCI Interrupt Link [LNKC] (IRQs 5 *9 10 11)
[    0.865456] ACPI: PCI Interrupt Link [LNKD] (IRQs 5 9 10 *11)
[    0.870789] ACPI: Enabled 2 GPEs in block 00 to 07
[    0.873364] vgaarb: setting as boot device: PCI:0000:00:02.0
[    0.875361] vgaarb: device added: PCI:0000:00:02.0,decodes=io+mem,owns=io+mem,locks=none
[    0.878496] vgaarb: loaded
[    0.884273] vgaarb: bridge control possible 0000:00:02.0
[    0.886738] SCSI subsystem initialized
[    0.888496] ACPI: bus type USB registered
[    0.890113] usbcore: registered new interface driver usbfs
[    0.892146] usbcore: registered new interface driver hub
[    0.894035] usbcore: registered new device driver usb
[    0.896876] PCI: Using ACPI for IRQ routing
[    0.899052] NetLabel: Initializing
[    0.900479] NetLabel:  domain hash size = 128
[    0.902127] NetLabel:  protocols = UNLABELED CIPSOv4
[    0.903966] NetLabel:  unlabeled traffic allowed by default
[    0.906142] amd_nb: Cannot enumerate AMD northbridges
[    0.908025] clocksource: Switched to clocksource kvm-clock
[    0.923685] AppArmor: AppArmor Filesystem Enabled
[    0.932064] pnp: PnP ACPI init
[    0.934945] pnp: PnP ACPI: found 3 devices
[    0.949000] clocksource: acpi_pm: mask: 0xffffff max_cycles: 0xffffff, max_idle_ns: 2085701024 ns
[    0.952332] NET: Registered protocol family 2
[    0.954321] TCP established hash table entries: 8192 (order: 4, 65536 bytes)
[    0.956766] TCP bind hash table entries: 8192 (order: 5, 131072 bytes)
[    0.959010] TCP: Hash tables configured (established 8192 bind 8192)
[    0.961230] UDP hash table entries: 512 (order: 2, 16384 bytes)
[    0.963279] UDP-Lite hash table entries: 512 (order: 2, 16384 bytes)
[    0.965541] NET: Registered protocol family 1
[    0.966991] pci 0000:00:00.0: Limiting direct PCI/PCI transfers
[    0.969110] pci 0000:00:01.0: Activating ISA DMA hang workarounds
[    0.971455] Unpacking initramfs...
[    1.278763] Freeing initrd memory: 15356K
[    1.280004] RAPL PMU detected, API unit is 2^-32 Joules, 3 fixed counters 10737418240 ms ovfl timer
[    1.282155] hw unit of domain pp0-core 2^-0 Joules
[    1.283608] hw unit of domain package 2^-0 Joules
[    1.284916] hw unit of domain pp1-gpu 2^-0 Joules
[    1.286080] platform rtc_cmos: registered platform RTC device (no PNP device found)
[    1.287935] Scanning for low memory corruption every 60 seconds
[    1.289724] audit: initializing netlink subsys (disabled)
[    1.290947] audit: type=2000 audit(1534349701.903:1): initialized
[    1.292591] Initialise system trusted keyring
[    1.303629] HugeTLB registered 2 MB page size, pre-allocated 0 pages
[    1.306741] zbud: loaded
[    1.307940] VFS: Disk quotas dquot_6.6.0
[    1.309021] VFS: Dquot-cache hash table entries: 512 (order 0, 4096 bytes)
[    1.310791] squashfs: version 4.0 (2009/01/31) Phillip Lougher
[    1.312446] fuse init (API version 7.23)
[    1.313627] Key type big_key registered
[    1.314617] Allocating IMA MOK and blacklist keyrings.
[    1.317462] Key type asymmetric registered
[    1.318474] Asymmetric key parser 'x509' registered
[    1.319647] Block layer SCSI generic (bsg) driver version 0.4 loaded (major 249)
[    1.321582] io scheduler noop registered
[    1.322599] io scheduler deadline registered (default)
[    1.323790] io scheduler cfq registered
[    1.324957] pci_hotplug: PCI Hot Plug PCI Core version: 0.5
[    1.326215] pciehp: PCI Express Hot Plug Controller Driver version: 0.4
[    1.327761] ACPI: AC Adapter [AC] (on-line)
[    1.328885] input: Power Button as /devices/LNXSYSTM:00/LNXPWRBN:00/input/input0
[    1.330726] ACPI: Power Button [PWRF]
[    1.331719] input: Sleep Button as /devices/LNXSYSTM:00/LNXSLPBN:00/input/input1
[    1.333527] ACPI: Sleep Button [SLPF]
[    1.334732] GHES: HEST is not enabled!
[    1.336486] Serial: 8250/16550 driver, 32 ports, IRQ sharing enabled
[    1.360733] 00:02: ttyS0 at I/O 0x3f8 (irq = 4, base_baud = 115200) is a 16550A
[    1.360767] ACPI: Battery Slot [BAT0] (battery present)
[    1.365277] Linux agpgart interface v0.103
[    1.368999] loop: module loaded
[    1.376433] scsi host0: ata_piix
[    1.377526] scsi host1: ata_piix
[    1.378450] ata1: PATA max UDMA/33 cmd 0x1f0 ctl 0x3f6 bmdma 0xd000 irq 14
[    1.379923] ata2: PATA max UDMA/33 cmd 0x170 ctl 0x376 bmdma 0xd008 irq 15
[    1.381590] libphy: Fixed MDIO Bus: probed
[    1.382824] tun: Universal TUN/TAP device driver, 1.6
[    1.383949] tun: (C) 1999-2004 Max Krasnyansky <maxk@qualcomm.com>
[    1.385404] PPP generic driver version 2.4.2
[    1.386499] ehci_hcd: USB 2.0 'Enhanced' Host Controller (EHCI) Driver
[    1.387886] ehci-pci: EHCI PCI platform driver
[    1.408266] ehci-platform: EHCI generic platform driver
[    1.409446] ohci_hcd: USB 1.1 'Open' Host Controller (OHCI) Driver
[    1.410770] ohci-pci: OHCI PCI platform driver
[    1.411820] ohci-platform: OHCI generic platform driver
[    1.413053] uhci_hcd: USB Universal Host Controller Interface driver
[    1.414519] i8042: PNP: PS/2 Controller [PNP0303:PS2K,PNP0f03:PS2M] at 0x60,0x64 irq 1,12
[    1.417053] serio: i8042 KBD port at 0x60,0x64 irq 1
[    1.418194] serio: i8042 AUX port at 0x60,0x64 irq 12
[    1.419481] mousedev: PS/2 mouse device common for all mice
[    1.421465] input: AT Translated Set 2 keyboard as /devices/platform/i8042/serio0/input/input2
[    1.423655] rtc_cmos rtc_cmos: rtc core: registered rtc_cmos as rtc0
[    1.425169] rtc_cmos rtc_cmos: alarms up to one day, 114 bytes nvram
[    1.426576] i2c /dev entries driver
[    1.427534] device-mapper: uevent: version 1.0.3
[    1.428733] device-mapper: ioctl: 4.34.0-ioctl (2015-10-28) initialised: dm-devel@redhat.com
[    1.430747] ledtrig-cpu: registered to indicate activity on CPUs
[    1.432643] NET: Registered protocol family 10
[    1.433971] NET: Registered protocol family 17
[    1.447888] Key type dns_resolver registered
[    1.449259] registered taskstats version 1
[    1.450346] Loading compiled-in X.509 certificates
[    1.452366] Loaded X.509 cert 'Build time autogenerated kernel key: 9f6f572a3ee0cb468eb8db4aa61815bc74ef6adb'
[    1.454687] zswap: loaded using pool lzo/zbud
[    1.458801] Key type trusted registered
[    1.465794] Key type encrypted registered
[    1.467422] AppArmor: AppArmor sha1 policy hashing enabled
[    1.469466] ima: No TPM chip found, activating TPM-bypass!
[    1.471477] evm: HMAC attrs: 0x1
[    1.473401]   Magic number: 14:5:237
[    1.475003] rtc_cmos rtc_cmos: setting system clock to 2018-08-15 16:14:56 UTC (1534349696)
[    1.478472] BIOS EDD facility v0.16 2004-Jun-25, 0 devices found
[    1.480574] EDD information not available.
[    1.538591] Freeing unused kernel memory: 1512K
[    1.540379] Write protecting the kernel read-only data: 14336k
[    1.543249] Freeing unused kernel memory: 1692K
[    1.545481] Freeing unused kernel memory: 96K
Loading, please wait...
starting version[    1.566974] random: systemd-udevd: uninitialized urandom read (16 bytes read, 2 bits of entropy available)
 229
[    1.567636] random: udevadm: uninitialized urandom read (16 bytes read, 2 bits of entropy available)
[    1.567693] random: udevadm: uninitialized urandom read (16 bytes read, 2 bits of entropy available)
[    1.589365] random: udevadm: uninitialized urandom read (16 bytes read, 2 bits of entropy available)
[    1.589470] random: udevadm: uninitialized urandom read (16 bytes read, 2 bits of entropy available)
[    1.589879] random: udevadm: uninitialized urandom read (16 bytes read, 2 bits of entropy available)
[    1.590030] random: udevadm: uninitialized urandom read (16 bytes read, 2 bits of entropy available)
[    1.590194] random: udevadm: uninitialized urandom read (16 bytes read, 2 bits of entropy available)
[    1.590356] random: udevadm: uninitialized urandom read (16 bytes read, 2 bits of entropy available)
[    1.590519] random: udevadm: uninitialized urandom read (16 bytes read, 2 bits of entropy available)
[    1.830986] Fusion MPT base driver 3.04.20
[    1.849645] Copyright (c) 1999-2008 LSI Corporation
[    1.851443] e1000: Intel(R) PRO/1000 Network Driver - version 7.3.21-k8-NAPI
[    1.869749] e1000: Copyright (c) 1999-2006 Intel Corporation.
[    1.899234] Fusion MPT SPI Host driver 3.04.20
[    1.935641] AVX version of gcm_enc/dec engaged.
[    1.944762] AES CTR mode by8 optimization enabled
[    2.164887] input: ImExPS/2 Generic Explorer Mouse as /devices/platform/i8042/serio1/input/input4
[    2.284141] tsc: Refined TSC clocksource calibration: 1696.060 MHz
[    2.286025] clocksource: tsc: mask: 0xffffffffffffffff max_cycles: 0x18729d5ce3d, max_idle_ns: 440795234603 ns
[    2.311959] e1000 0000:00:03.0 eth0: (PCI:33MHz:32-bit) 02:a3:be:24:b1:4f
[    2.932976] e1000 0000:00:03.0 eth0: Intel(R) PRO/1000 Network Connection
[    2.935706] mptbase: ioc0: Initiating bringup
[    2.939008] e1000 0000:00:03.0 enp0s3: renamed from eth0
[    3.007328] ioc0: LSI53C1030 A0: Capabilities={Initiator}
[    3.449115] scsi host2: ioc0: LSI53C1030 A0, FwRev=00000000h, Ports=1, MaxQ=256, IRQ=20
[    3.588123] scsi 2:0:0:0: Direct-Access     VBOX     HARDDISK         1.0  PQ: 0 ANSI: 5
[    3.600034] scsi target2:0:0: Beginning Domain Validation
[    3.603843] scsi target2:0:0: Domain Validation skipping write tests
[    3.606114] scsi target2:0:0: Ending Domain Validation
[    3.608147] scsi target2:0:0: asynchronous
[    3.630434] scsi 2:0:1:0: Direct-Access     VBOX     HARDDISK         1.0  PQ: 0 ANSI: 5
[    3.632926] scsi target2:0:1: Beginning Domain Validation
[    3.636844] scsi target2:0:1: Domain Validation skipping write tests
[    3.638755] scsi target2:0:1: Ending Domain Validation
[    3.640072] scsi target2:0:1: asynchronous
[    3.649913] sd 2:0:0:0: Attached scsi generic sg0 type 0
[    3.650570] sd 2:0:0:0: [sda] 20971520 512-byte logical blocks: (10.7 GB/10.0 GiB)
[    3.650812] sd 2:0:0:0: [sda] Write Protect is off
[    3.650964] sd 2:0:0:0: [sda] Incomplete mode parameter data
[    3.650966] sd 2:0:0:0: [sda] Assuming drive cache: write through
[    3.670239] sd 2:0:1:0: Attached scsi generic sg1 type 0
[    3.670242] sd 2:0:1:0: [sdb] 20480 512-byte logical blocks: (10.5 MB/10.0 MiB)
[    3.670458] sd 2:0:1:0: [sdb] Write Protect is off
[    3.670580] sd 2:0:1:0: [sdb] Incomplete mode parameter data
[    3.670582] sd 2:0:1:0: [sdb] Assuming drive cache: write through
[    3.734752]  sda: sda1
[    3.759931] sd 2:0:0:0: [sda] Attached SCSI disk
[    3.762090] sd 2:0:1:0: [sdb] Attached SCSI disk
Begin: Loading e[    5.320840] md: linear personality registered for level -1
ssential drivers ... [    5.333802] md: multipath personality registered for level -4
[    5.340605] md: raid0 personality registered for level 0
[    5.346796] md: raid1 personality registered for level 1
[    5.420093] raid6: sse2x1   gen()  6420 MB/s
[    5.488056] raid6: sse2x1   xor()  5011 MB/s
[    5.556063] raid6: sse2x2   gen()  8162 MB/s
[    5.624035] raid6: sse2x2   xor()  5331 MB/s
[    5.696076] raid6: sse2x4   gen()  6733 MB/s
[    5.768086] raid6: sse2x4   xor()  4314 MB/s
[    5.777531] raid6: using algorithm sse2x2 gen() 8162 MB/s
[    5.779451] raid6: .... xor() 5331 MB/s, rmw enabled
[    5.781277] raid6: using ssse3x2 recovery algorithm
[    5.785117] xor: automatically using best checksumming function:
[    5.824070]    avx       : 10094.000 MB/sec
[    5.830244] async_tx: api initialized (async)
[    5.841857] md: raid6 personality registered for level 6
[    5.843544] md: raid5 personality registered for level 5
[    5.853451] md: raid4 personality registered for level 4
[    5.864035] md: raid10 personality registered for level 10
done.
Begin: Running /scripts/init-premount ... done.
Begin: Mounting root file system ... Begin: Running /scripts/local-top ... done.
Begin: Running /scripts/local-premount ... [    5.913804] Btrfs loaded
Scanning for Btrfs filesystems
done.
Warning: fsck not present, so skipping root file system
[    6.032080] EXT4-fs (sda1): mounted filesystem with ordered data mode. Opts: (null)
done.
Begin: Running /scripts/local-bottom ... done.
Begin: Running /scripts/init-bottom ... done.
[    6.808928] systemd[1]: systemd 229 running in system mode. (+PAM +AUDIT +SELINUX +IMA +APPARMOR +SMACK +SYSVINIT +UTMP +LIBCRYPTSETUP +GCRYPT +GNUTLS +ACL +XZ -LZ4 +SECCOMP +BLKID +ELFUTILS +KMOD -IDN)
[    6.815109] systemd[1]: Detected virtualization oracle.
[    6.838410] systemd[1]: Detected architecture x86-64.

Welcome to [1mUbuntu 16.04.4 LTS[0m!

[    6.888108] systemd[1]: Set hostname to <ubuntu-xenial>.
[    7.321804] random: nonblocking pool is initialized
[    7.763256] systemd[1]: Started Trigger resolvconf update for networkd DNS.
[[0;32m  OK  [0m] Started Trigger resolvconf update for networkd DNS.
[    7.769849] systemd[1]: Listening on Journal Audit Socket.
[[0;32m  OK  [0m] Listening on Journal Audit Socket.
[    7.772434] systemd[1]: Listening on /dev/initctl Compatibility Named Pipe.
[[0;32m  OK  [0m] Listening on /dev/initctl Compatibility Named Pipe.
[    7.775458] systemd[1]: Listening on udev Control Socket.
[[0;32m  OK  [0m] Listening on udev Control Socket.
[    7.777907] systemd[1]: Listening on Journal Socket (/dev/log).
[[0;32m  OK  [0m] Listening on Journal Socket (/dev/log).
[    7.796255] systemd[1]: Reached target Encrypted Volumes.
[[0;32m  OK  [0m] Reached target Encrypted Volumes.
[    7.799638] systemd[1]: Created slice User and Session Slice.
[[0;32m  OK  [0m] Created slice User and Session Slice.
[    7.819101] systemd[1]: Listening on LVM2 metadata daemon socket.
[[0;32m  OK  [0m] Listening on LVM2 metadata daemon socket.
[    7.839520] systemd[1]: Listening on LVM2 poll daemon socket.
[[0;32m  OK  [0m] Listening on LVM2 poll daemon socket.
[    7.842089] systemd[1]: Listening on Device-mapper event daemon FIFOs.
[[0;32m  OK  [0m] Listening on Device-mapper event daemon FIFOs.
[    7.847249] systemd[1]: Listening on Journal Socket.
[[0;32m  OK  [0m] Listening on Journal Socket.
[    7.850066] systemd[1]: Created slice System Slice.
[[0;32m  OK  [0m] Created slice System Slice.
[    7.864249] systemd[1]: Mounting Debug File System...
         Mounting Debug File System...
[    7.868319] systemd[1]: Starting Remount Root and Kernel File Systems...
         Starting Remount Root and Kernel File Systems...
[    7.881464] systemd[1]: Mounting POSIX Message Queue File System...
         Mounting POSIX Message Queue File System...
[    7.891215] systemd[1]: Starting Set console keymap...
         Starting Set console keymap...
[    7.894097] systemd[1]: Reached target Slices.
[[0;32m  OK  [0m] Reached target Slices.
[    7.898514] systemd[1]: Mounting Huge Pages File System...
         Mounting Huge Pages File System...
[    7.917124] systemd[1]: Starting Uncomplicated firewall...
         Starting Uncomplicated firewall...
[    7.921491] systemd[1]: Created slice system-serial\x2dgetty.slice.
[[0;32m  OK  [0m] Created slice system-serial\x2dgetty.slice.
[    7.927872] systemd[1]: Starting Nameserver information manager...
         Starting Nameserver information manager...
[    7.933918] systemd[1]: Starting Monitoring of LVM2 mirrors, snapshots etc. using dmeventd or progress polling...
         Starting Monitoring of LVM2 mirrors... dmeventd or progress polling...
[    7.992360] systemd[1]: Starting Load Kernel Modules...
         Starting Load Kernel Modules...
[    7.998242] systemd[1]: Reached target System Time Synchronized.
[[0;32m  OK  [0m] Reached target System Time Synchronized.
[    8.002772] systemd[1]: Starting Create list of required static device nodes for the current kernel...
         Starting Create list of required st... nodes for the current kernel...
[    8.019016] systemd[1]: Reached target User and Group Name Lookups.
[[0;32m  OK  [0m] Reached target User and Group Name Lookups.
[    8.021932] systemd[1]: Reached target Swap.
[[0;32m  OK  [0m] Reached target Swap.
[    8.024069] systemd[1]: Listening on Syslog Socket.
[[0;32m  OK  [0m] Listening on Syslog Socket.
[    8.040376] systemd[1]: Starting Journal Service...
         Starting Journal Service...
[    8.043495] systemd[1]: Listening on udev Kernel Socket.
[    8.050050] EXT4-fs (sda1): re-mounted. Opts: (null)
[[0;32m  OK  [0m] Listening on udev Kernel Socket.
[    8.073175] systemd[1]: Set up automount Arbitrary Executable File Formats File System Automount Point.
[[0;32m  OK  [0m] Set up automount Arbitrary Executab...ats File System Automount Point.
[    8.153349] systemd[1]: Started Forward Password Requests to Wall Directory Watch.
[[0;32m  OK  [0m] Started Forward Password Requests to Wall Directory Watch.
[    8.169589] systemd[1]: Mounted Huge Pages File System.
[[0;32m  OK  [0m] Mounted Huge Pages File System.
[    8.173787] systemd[1]: Mounted POSIX Message Queue File System.
[[0;32m  OK  [0m] Mounted POSIX Message Queue File System.
[    8.179163] systemd[1]: Mounted Debug File System.
[[0;32m  OK  [0m] Mounted Debug File System.
[    8.200939] systemd[1]: Started Remount Root and Kernel File Systems.
[[0;32m  OK  [0m] Started Remount Root and Kernel File Systems.
[    8.205128] systemd[1]: Started Uncomplicated firewall.
[[0;32m  OK  [0m] Started Uncomplicated firewall.
[    8.225366] systemd[1]: Started Create list of required static device nodes for the current kernel.
[[0;32m  OK  [0m] Started Create list of required sta...ce nodes for the current kernel.
[    8.288313] systemd[1]: Started Nameserver information manager.
[[0;32m  OK  [0m] Started Nameserver information manager.
[    8.308744] systemd[1]: Starting Create Static Device Nodes in /dev...
         Starting Create Static Device Nodes in /dev...
[    8.323578] Loading iSCSI transport class v2.0-870.
[    8.428381] systemd[1]: Starting udev Coldplug all Devices...
         Starting udev Coldplug all Devices...
[    8.465676] systemd[1]: Starting Load/Save Random Seed...
         Starting Load/Save Random Seed...
[    8.471487] systemd[1]: Started Set console keymap.
[[0;32m  OK  [0m] Started Set console keymap.
[    8.482720] systemd[1]: Started LVM2 metadata daemon.
[[0;32m  OK  [0m] Started LVM2 metadata daemon.
[    8.499005] iscsi: registered transport (tcp)
[    8.573515] systemd[1]: Started Journal Service.
[[0;32m  OK  [0m] Started Journal Service.
         Starting Flush Journal to Persistent Storage...
[[0;32m  OK  [0m] Started Load/Save Random Seed.
[    8.715077] systemd-journald[392]: Received request to flush runtime journal from PID 1
[[0;32m  OK  [0m] Started udev Coldplug all Devices.
[[0;32m  OK  [0m] Started Flush Journal to Persistent Storage.
[[0;32m  OK  [0m] Started Monitoring of LVM2 mirrors,...ng dmeventd or progress polling.
[[0;32m  OK  [0m] Started Create Static Device Nodes in /dev.
[    8.977644] iscsi: registered transport (iser)
         Starting udev Kernel Device Manager...
[[0;32m  OK  [0m] Started Load Kernel Modules.
         Mounting FUSE Control File System...
         Starting Apply Kernel Variables...
[[0;32m  OK  [0m] Mounted FUSE Control File System.
[[0;32m  OK  [0m] Started Apply Kernel Variables.
[[0;32m  OK  [0m] Started udev Kernel Device Manager.
[[0;32m  OK  [0m] Started Dispatch Password Requests to Console Directory Watch.
[[0;32m  OK  [0m] Reached target Local File Systems (Pre).
[[0;32m  OK  [0m] Reached target Local File Systems.
         Starting Create Volatile Files and Directories...
         Starting Initial cloud-init job (pre-networking)...
         Starting Tell Plymouth To Write Out Runtime Data...
         Starting LSB: AppArmor initialization...
         Starting Set console font and keymap...
[[0;32m  OK  [0m] Started Tell Plymouth To Write Out Runtime Data.
[[0;32m  OK  [0m] Found device /dev/ttyS0.
[[0;32m  OK  [0m] Started Create Volatile Files and Directories.
         Starting Update UTMP about System Boot/Shutdown...
[[0;32m  OK  [0m] Started Update UTMP about System Boot/Shutdown.
[[0;32m  OK  [0m] Found device 82540EM Gigabit Ethern...r (PRO/1000 MT Desktop Adapter).
[[0;32m  OK  [0m] Listening on Load/Save RF Kill Switch Status /dev/rfkill Watch.
[[0;32m  OK  [0m] Started Set console font and keymap.
[[0;32m  OK  [0m] Created slice system-getty.slice.
[[0;32m  OK  [0m] Started LSB: AppArmor initialization.
[   13.741085] cloud-init[492]: Cloud-init v. 18.2 running 'init-local' at Wed, 15 Aug 2018 16:15:08 +0000. Up 13.00 seconds.
[[0;32m  OK  [0m] Started Initial cloud-init job (pre-networking).
[[0;32m  OK  [0m] Reached target Network (Pre).
         Starting Raise network interfaces...
[[0;32m  OK  [0m] Started ifup for enp0s3.
[[0;32m  OK  [0m] Started Raise network interfaces.
[[0;32m  OK  [0m] Reached target Network.
         Starting Initial cloud-init job (metadata service crawler)...
[   15.341833] cloud-init[969]: Cloud-init v. 18.2 running 'init' at Wed, 15 Aug 2018 16:15:09 +0000. Up 14.46 seconds.
[   15.412650] cloud-init[969]: ci-info: +++++++++++++++++++++++++++++++++++++Net device info++++++++++++++++++++++++++++++++++++++
[   15.413026] cloud-init[969]: ci-info: +--------+------+----------------------------+---------------+-------+-------------------+
[[0;32m  OK  [0m] Started Initial cloud-init job (metadata service crawler).
[   15.415683] cloud-init[969]: ci-info: | Device |  Up  |          Address           |      Mask     | Scope |     Hw-Address    |
[   15.475293] cloud-init[969]: ci-info: +--------+------+----------------------------+---------------+-------+-------------------+
[   15.475703] cloud-init[969]: ci-info: | enp0s3 | True |         10.0.2.15          | 255.255.255.0 |   .   | 02:a3:be:24:b1:4f |
[   15.476395] cloud-init[969]: ci-info: | enp0s3 | True | fe80::a3:beff:fe24:b14f/64 |       .       |  link | 02:a3:be:24:b1:4f |
[   15.476846] cloud-init[969]: ci-info: |   lo   | True |         127.0.0.1          |   255.0.0.0   |   .   |         .         |
[   15.477315] cloud-init[969]: ci-info: |   lo   | True |          ::1/128           |       .       |  host |         .         |
[   15.477792] cloud-init[969]: ci-info: +--------+------+----------------------------+---------------+-------+-------------------+
[   15.478276] cloud-init[969]: ci-info: +++++++++++++++++++++++++++Route IPv4 info++++++++++++++++++++++++++++
[   15.478727] cloud-init[969]: ci-info: +-------+-------------+----------+---------------+-----------+-------+
[   15.479181] cloud-init[969]: ci-info: | Route | Destination | Gateway  |    Genmask    | Interface | Flags |
[   15.479637] cloud-init[969]: ci-info: +-------+-------------+----------+---------------+-----------+-------+
[   15.480135] cloud-init[969]: ci-info: |   0   |   0.0.0.0   | 10.0.2.2 |    0.0.0.0    |   enp0s3  |   UG  |
[   15.480564] cloud-init[969]: ci-info: |   1   |   10.0.2.0  | 0.0.0.0  | 255.255.255.0 |   enp0s3  |   U   |
[   15.481049] cloud-init[969]: ci-info: +-------+-------------+----------+---------------+-----------+-------+
[[0;32m  OK  [0m] Reached target Network is Online.
         Starting iSCSI initiator daemon (iscsid)...
[[0;32m  OK  [0m] Reached target Cloud-config availability.
[[0;32m  OK  [0m] Reached target System Initialization.
[[0;32m  OK  [0m] Started Daily Cleanup of Temporary Directories.
[[0;32m  OK  [0m] Started Daily apt download activities.
[[0;32m  OK  [0m] Started Daily apt upgrade and clean activities.
[[0;32m  OK  [0m] Reached target Timers.
[[0;32m  OK  [0m] Started ACPI Events Check.
[[0;32m  OK  [0m] Reached target Paths.
[[0;32m  OK  [0m] Listening on UUID daemon activation socket.
[[0;32m  OK  [0m] Listening on D-Bus System Message Bus Socket.
         Starting Socket activation for snappy daemon.
[[0;32m  OK  [0m] Listening on ACPID Listen Socket.
         Starting LXD - unix socket.
[[0;32m  OK  [0m] Listening on Socket activation for snappy daemon.
[[0;32m  OK  [0m] Listening on LXD - unix socket.
[[0;32m  OK  [0m] Started iSCSI initiator daemon (iscsid).
         Starting Login to default iSCSI targets...
[[0;32m  OK  [0m] Reached target Sockets.
[[0;32m  OK  [0m] Reached target Basic System.
         Starting /etc/rc.local Compatibility...
         Starting Login Service...
         Starting System Logging Service...
         Starting LSB: MD monitoring daemon...
         Starting Accounts Service...
[[0;32m  OK  [0m] Started Unattended Upgrades Shutdown.
         Starting LXD - container startup/shutdown...
[[0;32m  OK  [0m] Started Regular background program processing daemon.
[[0;32m  OK  [0m] Started Deferred execution scheduler.
[[0;32m  OK  [0m] Started FUSE filesystem for LXC.
         Starting OpenBSD Secure Shell server...
[[0;32m  OK  [0m] Started ACPI event daemon.
         Starting LSB: Record successful boot for GRUB...
[[0;32m  OK  [0m] Started D-Bus System Message Bus.
         Starting Apply the settings specified in cloud-config...
         Starting Virtualbox guest utils...
         Starting Snappy daemon...
[[0;32m  OK  [0m] Started System Logging Service.
[[0;32m  OK  [0m] Started /etc/rc.local Compatibility.
[[0;32m  OK  [0m] Started OpenBSD Secure Shell server.
[[0;32m  OK  [0m] Started Login Service.
[[0;32m  OK  [0m] Started LSB: Record successful boot for GRUB.
         Starting Authenticate and Authorize Users to Run Privileged Tasks...
[[0;32m  OK  [0m] Started Login to default iSCSI targets.
[[0;32m  OK  [0m] Started LSB: MD monitoring daemon.
[[0;32m  OK  [0m] Reached target Remote File Systems (Pre).
[[0;32m  OK  [0m] Reached target Remote File Systems.
         Starting LSB: Set the CPU Frequency Scaling governor to "ondemand"...
         Starting Permit User Sessions...
         Starting LSB: daemon to balance interrupts for SMP systems...
         Starting LSB: automatic crash report generation...
[[0;32m  OK  [0m] Started LSB: Set the CPU Frequency Scaling governor to "ondemand".
[[0;32m  OK  [0m] Started Permit User Sessions.
         Starting Terminate Plymouth Boot Screen...
         Starting Hold until boot process finishes up...
[[0;32m  OK  [0m] Started Hold until boot process finishes up.
[[0;32m  OK  [0m] Started Terminate Plymouth Boot Screen.
[[0;32m  OK  [0m] Started Serial Getty on ttyS0.
[[0;32m  OK  [0m] Started Getty on tty1.
[[0;32m  OK  [0m] Reached target Login Prompts.
         Starting Set console scheme...
[[0;32m  OK  [0m] Started LSB: daemon to balance interrupts for SMP systems.
[[0;32m  OK  [0m] Started Set console scheme.
[[0;32m  OK  [0m] Started LSB: automatic crash report generation.
[[0;32m  OK  [0m] Started Authenticate and Authorize Users to Run Privileged Tasks.
[[0;32m  OK  [0m] Started Accounts Service.
[[0;32m  OK  [0m] Started Virtualbox guest utils.
[   17.933177] cloud-init[1069]: Cloud-init v. 18.2 running 'modules:config' at Wed, 15 Aug 2018 16:15:12 +0000. Up 17.29 seconds.
[[0;32m  OK  [0m] Started Apply the settings specified in cloud-config.
[[0;32m  OK  [0m] Created slice User Slice of vagrant.
         Starting User Manager for UID 1000...
[[0;32m  OK  [0m] Started Session 1 of user vagrant.
[[0;32m  OK  [0m] Started User Manager for UID 1000.
[[0;32m  OK  [0m] Started LXD - container startup/shutdown.
[[0;32m  OK  [0m] Started Snappy daemon.
[[0;32m  OK  [0m] Reached target Multi-User System.
         Starting Execute cloud user/final scripts...
[[0;32m  OK  [0m] Reached target Graphical Interface.
         Starting Update UTMP about System Runlevel Changes...
[[0;32m  OK  [0m] Started Update UTMP about System Runlevel Changes.
[   20.336844] cloud-init[1228]: Cloud-init v. 18.2 running 'modules:final' at Wed, 15 Aug 2018 16:15:15 +0000. Up 19.94 seconds.
[   20.340998] cloud-init[1228]: Cloud-init v. 18.2 finished at Wed, 15 Aug 2018 16:15:15 +0000. Datasource DataSourceNoCloud [seed=/dev/sdb][dsmode=net].  Up 20.32 seconds
[[0;32m  OK  [0m] Started Execute cloud user/final scripts.
[[0;32m  OK  [0m] Reached target Cloud-init target.

Ubuntu 16.04.4 LTS ubuntu-xenial ttyS0

ubuntu-xenial login: [[0;32m  OK  [0m] Stopped target Timers.
[[0;32m  OK  [0m] Stopped Daily apt upgrade and clean activities.
[[0[         Stopping LSB: automatic crash report generation...
         Stopping Virtualbox guest utils...
         Stopping LSB: Set the CPU Frequency Scaling governor to "ondemand"...
         Stopping OpenBSD Secure Shell server...
         Stopping LSB: MD monitoring daemon...
         Stopping LSB: daemon to balance interrupts for SMP systems...
         Stopping Unattended Upgrades Shutdown...
         Stopping Snappy daemon...
         Stopping System Logging Service...
         Stopping FUSE filesystem for LXC...
         Stopping LXD - container startup/shutdown...
         Stopping Deferred execution scheduler...
[[0;32m  OK  [0m] Stopped Apply the settings specified in cloud-config.
[[0;32m  OK  [0m] Stopped target Cloud-config availability.
         Stopping User Manager for UID 1000...
         Stopping LSB: Record successful boot for GRUB...
[[0;32m  OK  [0m] Unmounted /var/lib/lxcfs.
[[0;32m  OK  [0m] Stopped System Logging Service.
[[0;32m  OK  [0m] Stopped Accounts Service.
[[0;32m  OK  [0m] Stopped Regular background program processing daemon.
[[0;32m  OK  [0m] Stopped Deferred execution scheduler.
[[0;32m  OK  [0m] Stopped OpenBSD Secure Shell server.
[[0;32m  OK  [0m] Stopped ACPI event daemon.
[[0;32m  OK  [0m] Stopped Snappy daemon.
[[0;32m  OK  [0m] Stopped Authenticate and Authorize Users to Run Privileged Tasks.
[[0;32m  OK  [0m] Stopped Serial Getty on ttyS0.
[[0;32m  OK  [0m] Stopped Getty on tty1.
[[0;32m  OK  [0m] Stopped User Manager for UID 1000.
[[0;32m  OK  [0m] Stopped D-Bus System Message Bus.
[[0;32m  OK  [0m] Stopped Session 3 of user vagrant.
[[0;32m  OK  [0m] Stopped FUSE filesystem for LXC.
[[0;32m  OK  [0m] Stopped LSB: Set the CPU Frequency Scaling governor to "ondemand".
[[0;32m  OK  [0m] Stopped LSB: daemon to balance interrupts for SMP systems.
[[0;32m  OK  [0m] Stopped LSB: automatic crash report generation.
[[0;32m  OK  [0m] Stopped Virtualbox guest utils.
[[0;32m  OK  [0m] Stopped LSB: MD monitoring daemon.
[[0;32m  OK  [0m] Stopped LXD - container startup/shutdown.
[[0;32m  OK  [0m] Stopped LSB: Record successful boot for GRUB.
[[0;32m  OK  [0m] Removed slice User Slice of vagrant.
         Stopping Login Service...
[[0;32m  OK  [0m] Removed slice system-getty.slice.
[[0;32m  OK  [0m] Removed slice system-serial\x2dgetty.slice.
         Stopping Permit User Sessions...
[[0;32m  OK  [0m] Stopped /etc/rc.local Compatibility.
[[0;32m  OK  [0m] Stopped Unattended Upgrades Shutdown.
[[0;32m  OK  [0m] Stopped Permit User Sessions.
[[0;32m  OK  [0m] Stopped target Remote File Systems.
[[0;32m  OK  [0m] Stopped target Remote File Systems (Pre).
         Stopping Login to default iSCSI targets...
[[0;32m  OK  [0m] Stopped Login Service.
[[0;32m  OK  [0m] Stopped target Basic System.
[[0;32m  OK  [0m] Stopped target Sockets.
[[0;32m  OK  [0m] Closed D-Bus System Message Bus Socket.
[[0;32m  OK  [0m] Closed ACPID Listen Socket.
[[0;32m  OK  [0m] Closed Syslog Socket.
[[0;32m  OK  [0m] Closed Socket activation for snappy daemon.
[[0;32m  OK  [0m] Closed LXD - unix socket.
[[0;32m  OK  [0m] Closed UUID daemon activation socket.
[[0;32m  OK  [0m] Stopped target Slices.
[[0;32m  OK  [0m] Removed slice User and Session Slice.
[[0;32m  OK  [0m] Stopped target Paths.
[[0;32m  OK  [0m] Stopped Forward Password Requests to Wall Directory Watch.
[[0;32m  OK  [0m] Stopped Dispatch Password Requests to Console Directory Watch.
[[0;32m  OK  [0m] Stopped ACPI Events Check.
[[0;32m  OK  [0m] Stopped target System Initialization.
         Stopping Update UTMP about System Boot/Shutdown...
[[0;32m  OK  [0m] Stopped target Encrypted Volumes.
         Stopping Load/Save Random Seed...
[[0;32m  OK  [0m] Stopped target Swap.
[[0;32m  OK  [0m] Stopped target User and Group Name Lookups.
[[0;32m  OK  [0m] Stopped Load/Save Random Seed.
[[0;32m  OK  [0m] Stopped Update UTMP about System Boot/Shutdown.
[[0;32m  OK  [0m] Stopped Login to default iSCSI targets.
         Stopping iSCSI initiator daemon (iscsid)...
[[0;32m  OK  [0m] Stopped Create Volatile Files and Directories.
[[0;32m  OK  [0m] Stopped iSCSI initiator daemon (iscsid).
[[0;32m  OK  [0m] Stopped target Network is Online.
[[0;32m  OK  [0m] Stopped Initial cloud-init job (metadata service crawler).
[[0;32m  OK  [0m] Stopped target Network.
         Stopping Raise network interfaces...
[[0;32m  OK  [0m] Stopped Raise network interfaces.
[[0;32m  OK  [0m] Stopped target Network (Pre).
[[0;32m  OK  [0m] Stopped Initial cloud-init job (pre-networking).
[[0;32m  OK  [0m] Stopped target Local File Systems.
         Unmounting /run/user/1000...
         Unmounting /vagrant...
[[0;32m  OK  [0m] Stopped Apply Kernel Variables.
[[0;32m  OK  [0m] Stopped Load Kernel Modules.
[[0;32m  OK  [0m] Unmounted /run/user/1000.
[[0;32m  OK  [0m] Unmounted /vagrant.
[[0;32m  OK  [0m] Reached target Unmount All Filesystems.
[[0;32m  OK  [0m] Stopped target Local File Systems (Pre).
[[0;32m  OK  [0m] Stopped Remount Root and Kernel File Systems.
[[0;32m  OK  [0m] Stopped Create Static Device Nodes in /dev.
[[0;32m  OK  [0m] Reached target Shutdown.
[  181.299898] reboot: Power down
